{"total": {"lines":{"total":186,"covered":78,"skipped":0,"pct":41.93},"statements":{"total":186,"covered":78,"skipped":0,"pct":41.93},"functions":{"total":20,"covered":11,"skipped":0,"pct":55},"branches":{"total":15,"covered":13,"skipped":0,"pct":86.66},"branchesTrue":{"total":0,"covered":0,"skipped":0,"pct":100}}
,"/Users/bral/Documents/Development/.obsidian/plugins/mtg-collection-main/src/main.ts": {"lines":{"total":34,"covered":0,"skipped":0,"pct":0},"functions":{"total":1,"covered":0,"skipped":0,"pct":0},"statements":{"total":34,"covered":0,"skipped":0,"pct":0},"branches":{"total":1,"covered":0,"skipped":0,"pct":0}}
,"/Users/bral/Documents/Development/.obsidian/plugins/mtg-collection-main/src/models/card.ts": {"lines":{"total":60,"covered":49,"skipped":0,"pct":81.66},"functions":{"total":10,"covered":8,"skipped":0,"pct":80},"statements":{"total":60,"covered":49,"skipped":0,"pct":81.66},"branches":{"total":10,"covered":10,"skipped":0,"pct":100}}
,"/Users/bral/Documents/Development/.obsidian/plugins/mtg-collection-main/src/models/collection.ts": {"lines":{"total":92,"covered":29,"skipped":0,"pct":31.52},"functions":{"total":9,"covered":3,"skipped":0,"pct":33.33},"statements":{"total":92,"covered":29,"skipped":0,"pct":31.52},"branches":{"total":4,"covered":3,"skipped":0,"pct":75}}
}
