TN:
SF:src/main.ts
FN:1,(empty-report)
FNF:1
FNH:0
FNDA:0,(empty-report)
DA:1,0
DA:2,0
DA:3,0
DA:4,0
DA:5,0
DA:6,0
DA:7,0
DA:8,0
DA:9,0
DA:10,0
DA:11,0
DA:12,0
DA:13,0
DA:14,0
DA:15,0
DA:16,0
DA:17,0
DA:18,0
DA:19,0
DA:20,0
DA:21,0
DA:22,0
DA:23,0
DA:24,0
DA:25,0
DA:26,0
DA:27,0
DA:28,0
DA:29,0
DA:30,0
DA:31,0
DA:32,0
DA:33,0
DA:34,0
LF:34
LH:0
BRDA:1,0,0,0
BRF:1
BRH:0
end_of_record
TN:
SF:src/models/card.ts
FN:9,Card
FN:18,getId
FN:22,getName
FN:26,getSet
FN:30,getRarity
FN:34,getColors
FN:38,getQuantity
FN:42,setQuantity
FN:46,toString
FN:50,toJSON
FNF:10
FNH:8
FNDA:4,Card
FNDA:1,getId
FNDA:1,getName
FNDA:1,getSet
FNDA:1,getRarity
FNDA:3,getColors
FNDA:2,getQuantity
FNDA:1,setQuantity
FNDA:0,toString
FNDA:0,toJSON
DA:1,1
DA:2,1
DA:3,1
DA:4,1
DA:5,1
DA:6,1
DA:7,1
DA:8,1
DA:9,1
DA:10,4
DA:11,4
DA:12,4
DA:13,4
DA:14,4
DA:15,4
DA:16,4
DA:17,1
DA:18,1
DA:19,1
DA:20,1
DA:21,1
DA:22,1
DA:23,1
DA:24,1
DA:25,1
DA:26,1
DA:27,1
DA:28,1
DA:29,1
DA:30,1
DA:31,1
DA:32,1
DA:33,1
DA:34,1
DA:35,3
DA:36,3
DA:37,1
DA:38,1
DA:39,2
DA:40,2
DA:41,1
DA:42,1
DA:43,1
DA:44,1
DA:45,1
DA:46,1
DA:47,0
DA:48,0
DA:49,1
DA:50,1
DA:51,0
DA:52,0
DA:53,0
DA:54,0
DA:55,0
DA:56,0
DA:57,0
DA:58,0
DA:59,0
DA:60,1
LF:60
LH:49
BRDA:9,0,0,4
BRDA:18,1,0,1
BRDA:22,2,0,1
BRDA:26,3,0,1
BRDA:30,4,0,1
BRDA:34,5,0,3
BRDA:35,6,0,1
BRDA:35,7,0,2
BRDA:38,8,0,2
BRDA:42,9,0,1
BRF:10
BRH:10
end_of_record
TN:
SF:src/models/collection.ts
FN:6,Collection
FN:10,addCard
FN:14,removeCard
FN:18,findCardById
FN:22,findCardByName
FN:33,getAllCards
FN:37,getTotalQuantityCards
FN:41,parseCSVLine
FN:62,loadFromCSV
FNF:9
FNH:3
FNDA:1,Collection
FNDA:0,addCard
FNDA:0,removeCard
FNDA:0,findCardById
FNDA:0,findCardByName
FNDA:2,getAllCards
FNDA:1,getTotalQuantityCards
FNDA:0,parseCSVLine
FNDA:0,loadFromCSV
DA:1,1
DA:2,1
DA:3,1
DA:4,1
DA:5,1
DA:6,1
DA:7,1
DA:8,1
DA:9,1
DA:10,1
DA:11,0
DA:12,0
DA:13,1
DA:14,1
DA:15,0
DA:16,0
DA:17,1
DA:18,1
DA:19,0
DA:20,0
DA:21,1
DA:22,1
DA:23,0
DA:24,0
DA:25,0
DA:26,0
DA:27,0
DA:28,0
DA:29,0
DA:30,0
DA:31,0
DA:32,1
DA:33,1
DA:34,2
DA:35,2
DA:36,1
DA:37,1
DA:38,1
DA:39,1
DA:40,1
DA:41,1
DA:42,0
DA:43,0
DA:44,0
DA:45,0
DA:46,0
DA:47,0
DA:48,0
DA:49,0
DA:50,0
DA:51,0
DA:52,0
DA:53,0
DA:54,0
DA:55,0
DA:56,0
DA:57,0
DA:58,0
DA:59,0
DA:60,0
DA:61,1
DA:62,1
DA:63,0
DA:64,0
DA:65,0
DA:66,0
DA:67,0
DA:68,0
DA:69,0
DA:70,0
DA:71,0
DA:72,0
DA:73,0
DA:74,0
DA:75,0
DA:76,0
DA:77,0
DA:78,0
DA:79,0
DA:80,0
DA:81,0
DA:82,0
DA:83,0
DA:84,0
DA:85,0
DA:86,0
DA:87,0
DA:88,0
DA:89,0
DA:90,0
DA:91,0
DA:92,1
LF:92
LH:29
BRDA:6,0,0,1
BRDA:7,1,0,0
BRDA:33,2,0,2
BRDA:37,3,0,1
BRF:4
BRH:3
end_of_record
